24-Oct-2020 16:00:32.260 INFO [main] org.apache.catalina.startup.VersionLoggerListener.log Server version name:   Apache Tomcat/8.5.58
24-Oct-2020 16:00:32.272 INFO [main] org.apache.catalina.startup.VersionLoggerListener.log Server built:          Sep 10 2020 21:45:33 UTC
24-Oct-2020 16:00:32.273 INFO [main] org.apache.catalina.startup.VersionLoggerListener.log Server version number: 8.5.58.0
24-Oct-2020 16:00:32.274 INFO [main] org.apache.catalina.startup.VersionLoggerListener.log OS Name:               Windows 10
24-Oct-2020 16:00:32.275 INFO [main] org.apache.catalina.startup.VersionLoggerListener.log OS Version:            10.0
24-Oct-2020 16:00:32.276 INFO [main] org.apache.catalina.startup.VersionLoggerListener.log Architecture:          amd64
24-Oct-2020 16:00:32.277 INFO [main] org.apache.catalina.startup.VersionLoggerListener.log Java Home:             C:\Program Files\Java\jdk-11.0.8
24-Oct-2020 16:00:32.277 INFO [main] org.apache.catalina.startup.VersionLoggerListener.log JVM Version:           11.0.8+10-LTS
24-Oct-2020 16:00:32.278 INFO [main] org.apache.catalina.startup.VersionLoggerListener.log JVM Vendor:            Oracle Corporation
24-Oct-2020 16:00:32.278 INFO [main] org.apache.catalina.startup.VersionLoggerListener.log CATALINA_BASE:         C:\Program Files\Tomcat\apache-tomcat-8.5.58
24-Oct-2020 16:00:32.278 INFO [main] org.apache.catalina.startup.VersionLoggerListener.log CATALINA_HOME:         C:\Program Files\Tomcat\apache-tomcat-8.5.58
24-Oct-2020 16:00:32.282 INFO [main] org.apache.catalina.startup.VersionLoggerListener.log Command line argument: --add-opens=java.base/java.lang=ALL-UNNAMED
24-Oct-2020 16:00:32.282 INFO [main] org.apache.catalina.startup.VersionLoggerListener.log Command line argument: --add-opens=java.base/java.io=ALL-UNNAMED
24-Oct-2020 16:00:32.283 INFO [main] org.apache.catalina.startup.VersionLoggerListener.log Command line argument: --add-opens=java.rmi/sun.rmi.transport=ALL-UNNAMED
24-Oct-2020 16:00:32.283 INFO [main] org.apache.catalina.startup.VersionLoggerListener.log Command line argument: -Djava.util.logging.config.file=C:/Program Files/Tomcat/apache-tomcat-8.5.58/conf/logging.properties
24-Oct-2020 16:00:32.283 INFO [main] org.apache.catalina.startup.VersionLoggerListener.log Command line argument: -Djava.util.logging.manager=org.apache.juli.ClassLoaderLogManager
24-Oct-2020 16:00:32.284 INFO [main] org.apache.catalina.startup.VersionLoggerListener.log Command line argument: -Djdk.tls.ephemeralDHKeySize=2048
24-Oct-2020 16:00:32.284 INFO [main] org.apache.catalina.startup.VersionLoggerListener.log Command line argument: -Djava.protocol.handler.pkgs=org.apache.catalina.webresources
24-Oct-2020 16:00:32.284 INFO [main] org.apache.catalina.startup.VersionLoggerListener.log Command line argument: -Dorg.apache.catalina.security.SecurityListener.UMASK=0027
24-Oct-2020 16:00:32.284 INFO [main] org.apache.catalina.startup.VersionLoggerListener.log Command line argument: -Dignore.endorsed.dirs=
24-Oct-2020 16:00:32.284 INFO [main] org.apache.catalina.startup.VersionLoggerListener.log Command line argument: -Dcatalina.base=C:/Program Files/Tomcat/apache-tomcat-8.5.58
24-Oct-2020 16:00:32.285 INFO [main] org.apache.catalina.startup.VersionLoggerListener.log Command line argument: -Dcatalina.home=C:/Program Files/Tomcat/apache-tomcat-8.5.58
24-Oct-2020 16:00:32.285 INFO [main] org.apache.catalina.startup.VersionLoggerListener.log Command line argument: -Djava.io.tmpdir=C:/Program Files/Tomcat/apache-tomcat-8.5.58/temp
24-Oct-2020 16:00:32.286 INFO [main] org.apache.catalina.core.AprLifecycleListener.lifecycleEvent The Apache Tomcat Native library which allows using OpenSSL was not found on the java.library.path: [C:\Program Files\Java\jdk-11.0.8\bin;C:\WINDOWS\Sun\Java\bin;C:\WINDOWS\system32;C:\WINDOWS;C:\Users\esteb\bin;C:\Program Files\Git\mingw64\bin;C:\Program Files\Git\usr\local\bin;C:\Program Files\Git\usr\bin;C:\Program Files\Git\usr\bin;C:\Program Files\Git\mingw64\bin;C:\Program Files\Git\usr\bin;C:\Users\esteb\bin;C:\Program Files (x86)\cmder\vendor\conemu-maximus5\ConEmu\Scripts;C:\Program Files (x86)\cmder\vendor\conemu-maximus5;C:\Program Files (x86)\cmder\vendor\conemu-maximus5\ConEmu;C:\Program Files\Common Files\Oracle\Java\javapath;C:\Program Files\AdoptOpenJDK\jdk-11.0.5.10-hotspot\bin;C:\Program Files (x86)\Common Files\Oracle\Java\javapath;C:\Windows\system32;C:\Windows;C:\Windows\System32\Wbem;C:\Windows\System32\WindowsPowerShell\v1.0;C:\Windows\System32\OpenSSH;C:\Program Files (x86)\NVIDIA Corporation\PhysX\Common;C:\Program Files\NVIDIA Corporation\NVIDIA NvDLISR;C:\Program Files\nodejs;C:\ProgramData\chocolatey\bin;C:\WINDOWS\system32;C:\WINDOWS;C:\WINDOWS\System32\Wbem;C:\WINDOWS\System32\WindowsPowerShell\v1.0;C:\WINDOWS\System32\OpenSSH;C:\Program Files\dotnet;C:\Program Files\Microsoft SQL Server\130\Tools\Binn;C:\Program Files\Git\cmd;C:\Program Files\PuTTY;C:\WINDOWS\system32;C:\WINDOWS;C:\WINDOWS\System32\Wbem;C:\WINDOWS\System32\WindowsPowerShell\v1.0;C:\WINDOWS\System32\OpenSSH;C:\Program Files\Java\jdk-11.0.8\bin;C:\Program Files\Maven\apache-maven-3.6.3\bin;C:\Program Files\Tomcat\apache-tomcat-8.5.58\bin;C:\Users\esteb\AppData\Local\Microsoft\WindowsApps;C:\Users\esteb\AppData\Local\Programs\Microsoft VS Code\bin;C:\Program Files\JetBrains\IntelliJ IDEA Community Edition 2019.3.1\bin;C:\Users\esteb\AppData\Roaming\npm;C:\Users\esteb\AppData\Local\GitHubDesktop\bin;%USERPROFILE%\AppData\Local\Microsoft\WindowsApps;C:\Program Files\Git\mingw64\bin;C:\Program Files\Git\usr\bin;C:\Program Files\Git\usr\bin\vendor_perl;C:\Program Files\Git\usr\bin\core_perl;.]
24-Oct-2020 16:00:32.454 INFO [main] org.apache.coyote.AbstractProtocol.init Initializing ProtocolHandler ["http-nio-8080"]
24-Oct-2020 16:00:33.070 INFO [main] org.apache.tomcat.util.net.NioSelectorPool.getSharedSelector Using a shared selector for servlet write/read
24-Oct-2020 16:00:33.123 INFO [main] org.apache.catalina.startup.Catalina.load Initialization processed in 2444 ms
24-Oct-2020 16:00:33.356 INFO [main] org.apache.catalina.core.StandardService.startInternal Starting service [Catalina]
24-Oct-2020 16:00:33.356 INFO [main] org.apache.catalina.core.StandardEngine.startInternal Starting Servlet Engine: Apache Tomcat/8.5.58
24-Oct-2020 16:00:33.434 INFO [localhost-startStop-1] org.apache.catalina.startup.HostConfig.deployWAR Deploying web application archive [C:\Program Files\Tomcat\apache-tomcat-8.5.58\webapps\componentes-1.0.0-BUILD-SNAPSHOT.war]
24-Oct-2020 16:00:37.315 INFO [localhost-startStop-1] org.apache.jasper.servlet.TldScanner.scanJars At least one JAR was scanned for TLDs yet contained no TLDs. Enable debug logging for this logger for a complete list of JARs that were scanned but no TLDs were found in them. Skipping unneeded JARs during scanning can improve startup time and JSP compilation time.
24-Oct-2020 16:00:44.477 WARNING [localhost-startStop-1] org.apache.catalina.util.SessionIdGeneratorBase.createSecureRandom Creation of SecureRandom instance for session ID generation using [SHA1PRNG] took [535] milliseconds.
24-Oct-2020 16:00:45.616 INFO [localhost-startStop-1] org.apache.catalina.startup.HostConfig.deployWAR Deployment of web application archive [C:\Program Files\Tomcat\apache-tomcat-8.5.58\webapps\componentes-1.0.0-BUILD-SNAPSHOT.war] has finished in [12,181] ms
24-Oct-2020 16:00:45.619 INFO [localhost-startStop-1] org.apache.catalina.startup.HostConfig.deployWAR Deploying web application archive [C:\Program Files\Tomcat\apache-tomcat-8.5.58\webapps\generatedProject.war]
24-Oct-2020 16:00:45.874 INFO [localhost-startStop-1] org.apache.catalina.startup.HostConfig.deployWAR Deployment of web application archive [C:\Program Files\Tomcat\apache-tomcat-8.5.58\webapps\generatedProject.war] has finished in [254] ms
24-Oct-2020 16:00:45.878 INFO [localhost-startStop-1] org.apache.catalina.startup.HostConfig.deployDirectory Deploying web application directory [C:\Program Files\Tomcat\apache-tomcat-8.5.58\webapps\docs]
24-Oct-2020 16:00:45.963 INFO [localhost-startStop-1] org.apache.catalina.startup.HostConfig.deployDirectory Deployment of web application directory [C:\Program Files\Tomcat\apache-tomcat-8.5.58\webapps\docs] has finished in [85] ms
24-Oct-2020 16:00:45.963 INFO [localhost-startStop-1] org.apache.catalina.startup.HostConfig.deployDirectory Deploying web application directory [C:\Program Files\Tomcat\apache-tomcat-8.5.58\webapps\examples]
24-Oct-2020 16:00:46.979 INFO [localhost-startStop-1] org.apache.catalina.startup.HostConfig.deployDirectory Deployment of web application directory [C:\Program Files\Tomcat\apache-tomcat-8.5.58\webapps\examples] has finished in [1,016] ms
24-Oct-2020 16:00:46.980 INFO [localhost-startStop-1] org.apache.catalina.startup.HostConfig.deployDirectory Deploying web application directory [C:\Program Files\Tomcat\apache-tomcat-8.5.58\webapps\host-manager]
24-Oct-2020 16:00:47.049 INFO [localhost-startStop-1] org.apache.catalina.startup.HostConfig.deployDirectory Deployment of web application directory [C:\Program Files\Tomcat\apache-tomcat-8.5.58\webapps\host-manager] has finished in [70] ms
24-Oct-2020 16:00:47.050 INFO [localhost-startStop-1] org.apache.catalina.startup.HostConfig.deployDirectory Deploying web application directory [C:\Program Files\Tomcat\apache-tomcat-8.5.58\webapps\manager]
24-Oct-2020 16:00:47.110 INFO [localhost-startStop-1] org.apache.catalina.startup.HostConfig.deployDirectory Deployment of web application directory [C:\Program Files\Tomcat\apache-tomcat-8.5.58\webapps\manager] has finished in [60] ms
24-Oct-2020 16:00:47.111 INFO [localhost-startStop-1] org.apache.catalina.startup.HostConfig.deployDirectory Deploying web application directory [C:\Program Files\Tomcat\apache-tomcat-8.5.58\webapps\ROOT]
24-Oct-2020 16:00:47.174 INFO [localhost-startStop-1] org.apache.catalina.startup.HostConfig.deployDirectory Deployment of web application directory [C:\Program Files\Tomcat\apache-tomcat-8.5.58\webapps\ROOT] has finished in [63] ms
24-Oct-2020 16:00:47.186 INFO [main] org.apache.coyote.AbstractProtocol.start Starting ProtocolHandler ["http-nio-8080"]
24-Oct-2020 16:00:47.218 INFO [main] org.apache.catalina.startup.Catalina.start Server startup in 14095 ms
24-Oct-2020 16:01:25.696 INFO [main] org.apache.catalina.startup.VersionLoggerListener.log Server version name:   Apache Tomcat/8.5.58
24-Oct-2020 16:01:25.704 INFO [main] org.apache.catalina.startup.VersionLoggerListener.log Server built:          Sep 10 2020 21:45:33 UTC
24-Oct-2020 16:01:25.705 INFO [main] org.apache.catalina.startup.VersionLoggerListener.log Server version number: 8.5.58.0
24-Oct-2020 16:01:25.705 INFO [main] org.apache.catalina.startup.VersionLoggerListener.log OS Name:               Windows 10
24-Oct-2020 16:01:25.706 INFO [main] org.apache.catalina.startup.VersionLoggerListener.log OS Version:            10.0
24-Oct-2020 16:01:25.706 INFO [main] org.apache.catalina.startup.VersionLoggerListener.log Architecture:          amd64
24-Oct-2020 16:01:25.706 INFO [main] org.apache.catalina.startup.VersionLoggerListener.log Java Home:             C:\Program Files\Java\jdk-11.0.8
24-Oct-2020 16:01:25.707 INFO [main] org.apache.catalina.startup.VersionLoggerListener.log JVM Version:           11.0.8+10-LTS
24-Oct-2020 16:01:25.707 INFO [main] org.apache.catalina.startup.VersionLoggerListener.log JVM Vendor:            Oracle Corporation
24-Oct-2020 16:01:25.707 INFO [main] org.apache.catalina.startup.VersionLoggerListener.log CATALINA_BASE:         C:\Program Files\Tomcat\apache-tomcat-8.5.58
24-Oct-2020 16:01:25.707 INFO [main] org.apache.catalina.startup.VersionLoggerListener.log CATALINA_HOME:         C:\Program Files\Tomcat\apache-tomcat-8.5.58
24-Oct-2020 16:01:25.710 INFO [main] org.apache.catalina.startup.VersionLoggerListener.log Command line argument: --add-opens=java.base/java.lang=ALL-UNNAMED
24-Oct-2020 16:01:25.711 INFO [main] org.apache.catalina.startup.VersionLoggerListener.log Command line argument: --add-opens=java.base/java.io=ALL-UNNAMED
24-Oct-2020 16:01:25.712 INFO [main] org.apache.catalina.startup.VersionLoggerListener.log Command line argument: --add-opens=java.rmi/sun.rmi.transport=ALL-UNNAMED
24-Oct-2020 16:01:25.712 INFO [main] org.apache.catalina.startup.VersionLoggerListener.log Command line argument: -Djava.util.logging.config.file=C:/Program Files/Tomcat/apache-tomcat-8.5.58/conf/logging.properties
24-Oct-2020 16:01:25.712 INFO [main] org.apache.catalina.startup.VersionLoggerListener.log Command line argument: -Djava.util.logging.manager=org.apache.juli.ClassLoaderLogManager
24-Oct-2020 16:01:25.712 INFO [main] org.apache.catalina.startup.VersionLoggerListener.log Command line argument: -Djdk.tls.ephemeralDHKeySize=2048
24-Oct-2020 16:01:25.713 INFO [main] org.apache.catalina.startup.VersionLoggerListener.log Command line argument: -Djava.protocol.handler.pkgs=org.apache.catalina.webresources
24-Oct-2020 16:01:25.713 INFO [main] org.apache.catalina.startup.VersionLoggerListener.log Command line argument: -Dorg.apache.catalina.security.SecurityListener.UMASK=0027
24-Oct-2020 16:01:25.713 INFO [main] org.apache.catalina.startup.VersionLoggerListener.log Command line argument: -Dignore.endorsed.dirs=
24-Oct-2020 16:01:25.713 INFO [main] org.apache.catalina.startup.VersionLoggerListener.log Command line argument: -Dcatalina.base=C:/Program Files/Tomcat/apache-tomcat-8.5.58
24-Oct-2020 16:01:25.714 INFO [main] org.apache.catalina.startup.VersionLoggerListener.log Command line argument: -Dcatalina.home=C:/Program Files/Tomcat/apache-tomcat-8.5.58
24-Oct-2020 16:01:25.714 INFO [main] org.apache.catalina.startup.VersionLoggerListener.log Command line argument: -Djava.io.tmpdir=C:/Program Files/Tomcat/apache-tomcat-8.5.58/temp
24-Oct-2020 16:01:25.714 INFO [main] org.apache.catalina.core.AprLifecycleListener.lifecycleEvent The Apache Tomcat Native library which allows using OpenSSL was not found on the java.library.path: [C:\Program Files\Java\jdk-11.0.8\bin;C:\WINDOWS\Sun\Java\bin;C:\WINDOWS\system32;C:\WINDOWS;C:\Users\esteb\bin;C:\Program Files\Git\mingw64\bin;C:\Program Files\Git\usr\local\bin;C:\Program Files\Git\usr\bin;C:\Program Files\Git\usr\bin;C:\Program Files\Git\mingw64\bin;C:\Program Files\Git\usr\bin;C:\Users\esteb\bin;C:\Program Files (x86)\cmder\vendor\conemu-maximus5\ConEmu\Scripts;C:\Program Files (x86)\cmder\vendor\conemu-maximus5;C:\Program Files (x86)\cmder\vendor\conemu-maximus5\ConEmu;C:\Program Files\Common Files\Oracle\Java\javapath;C:\Program Files\AdoptOpenJDK\jdk-11.0.5.10-hotspot\bin;C:\Program Files (x86)\Common Files\Oracle\Java\javapath;C:\Windows\system32;C:\Windows;C:\Windows\System32\Wbem;C:\Windows\System32\WindowsPowerShell\v1.0;C:\Windows\System32\OpenSSH;C:\Program Files (x86)\NVIDIA Corporation\PhysX\Common;C:\Program Files\NVIDIA Corporation\NVIDIA NvDLISR;C:\Program Files\nodejs;C:\ProgramData\chocolatey\bin;C:\WINDOWS\system32;C:\WINDOWS;C:\WINDOWS\System32\Wbem;C:\WINDOWS\System32\WindowsPowerShell\v1.0;C:\WINDOWS\System32\OpenSSH;C:\Program Files\dotnet;C:\Program Files\Microsoft SQL Server\130\Tools\Binn;C:\Program Files\Git\cmd;C:\Program Files\PuTTY;C:\WINDOWS\system32;C:\WINDOWS;C:\WINDOWS\System32\Wbem;C:\WINDOWS\System32\WindowsPowerShell\v1.0;C:\WINDOWS\System32\OpenSSH;C:\Program Files\Java\jdk-11.0.8\bin;C:\Program Files\Maven\apache-maven-3.6.3\bin;C:\Program Files\Tomcat\apache-tomcat-8.5.58\bin;C:\Users\esteb\AppData\Local\Microsoft\WindowsApps;C:\Users\esteb\AppData\Local\Programs\Microsoft VS Code\bin;C:\Program Files\JetBrains\IntelliJ IDEA Community Edition 2019.3.1\bin;C:\Users\esteb\AppData\Roaming\npm;C:\Users\esteb\AppData\Local\GitHubDesktop\bin;%USERPROFILE%\AppData\Local\Microsoft\WindowsApps;C:\Program Files\Git\mingw64\bin;C:\Program Files\Git\usr\bin;C:\Program Files\Git\usr\bin\vendor_perl;C:\Program Files\Git\usr\bin\core_perl;.]
24-Oct-2020 16:01:25.851 INFO [main] org.apache.coyote.AbstractProtocol.init Initializing ProtocolHandler ["http-nio-8080"]
24-Oct-2020 16:01:25.879 SEVERE [main] org.apache.catalina.core.StandardService.initInternal Failed to initialize connector [Connector[HTTP/1.1-8080]]
	org.apache.catalina.LifecycleException: Protocol handler initialization failed
		at org.apache.catalina.connector.Connector.initInternal(Connector.java:1077)
		at org.apache.catalina.util.LifecycleBase.init(LifecycleBase.java:136)
		at org.apache.catalina.core.StandardService.initInternal(StandardService.java:552)
		at org.apache.catalina.util.LifecycleBase.init(LifecycleBase.java:136)
		at org.apache.catalina.core.StandardServer.initInternal(StandardServer.java:848)
		at org.apache.catalina.util.LifecycleBase.init(LifecycleBase.java:136)
		at org.apache.catalina.startup.Catalina.load(Catalina.java:639)
		at org.apache.catalina.startup.Catalina.load(Catalina.java:662)
		at java.base/jdk.internal.reflect.NativeMethodAccessorImpl.invoke0(Native Method)
		at java.base/jdk.internal.reflect.NativeMethodAccessorImpl.invoke(NativeMethodAccessorImpl.java:62)
		at java.base/jdk.internal.reflect.DelegatingMethodAccessorImpl.invoke(DelegatingMethodAccessorImpl.java:43)
		at java.base/java.lang.reflect.Method.invoke(Method.java:566)
		at org.apache.catalina.startup.Bootstrap.load(Bootstrap.java:302)
		at org.apache.catalina.startup.Bootstrap.main(Bootstrap.java:472)
	Caused by: java.net.BindException: Address already in use: bind
		at java.base/sun.nio.ch.Net.bind0(Native Method)
		at java.base/sun.nio.ch.Net.bind(Net.java:461)
		at java.base/sun.nio.ch.Net.bind(Net.java:453)
		at java.base/sun.nio.ch.ServerSocketChannelImpl.bind(ServerSocketChannelImpl.java:227)
		at java.base/sun.nio.ch.ServerSocketAdaptor.bind(ServerSocketAdaptor.java:80)
		at org.apache.tomcat.util.net.NioEndpoint.bind(NioEndpoint.java:221)
		at org.apache.tomcat.util.net.AbstractEndpoint.init(AbstractEndpoint.java:1118)
		at org.apache.tomcat.util.net.AbstractJsseEndpoint.init(AbstractJsseEndpoint.java:222)
		at org.apache.coyote.AbstractProtocol.init(AbstractProtocol.java:587)
		at org.apache.coyote.http11.AbstractHttp11Protocol.init(AbstractHttp11Protocol.java:75)
		at org.apache.catalina.connector.Connector.initInternal(Connector.java:1075)
		... 13 more
24-Oct-2020 16:01:25.882 INFO [main] org.apache.catalina.startup.Catalina.load Initialization processed in 1739 ms
24-Oct-2020 16:01:25.997 INFO [main] org.apache.catalina.core.StandardService.startInternal Starting service [Catalina]
24-Oct-2020 16:01:25.997 INFO [main] org.apache.catalina.core.StandardEngine.startInternal Starting Servlet Engine: Apache Tomcat/8.5.58
24-Oct-2020 16:01:26.053 INFO [localhost-startStop-1] org.apache.catalina.startup.HostConfig.deployWAR Deploying web application archive [C:\Program Files\Tomcat\apache-tomcat-8.5.58\webapps\componentes-1.0.0-BUILD-SNAPSHOT.war]
24-Oct-2020 16:01:29.966 INFO [localhost-startStop-1] org.apache.jasper.servlet.TldScanner.scanJars At least one JAR was scanned for TLDs yet contained no TLDs. Enable debug logging for this logger for a complete list of JARs that were scanned but no TLDs were found in them. Skipping unneeded JARs during scanning can improve startup time and JSP compilation time.
24-Oct-2020 16:01:37.048 WARNING [localhost-startStop-1] org.apache.catalina.util.SessionIdGeneratorBase.createSecureRandom Creation of SecureRandom instance for session ID generation using [SHA1PRNG] took [496] milliseconds.
24-Oct-2020 16:01:38.087 INFO [localhost-startStop-1] org.apache.catalina.startup.HostConfig.deployWAR Deployment of web application archive [C:\Program Files\Tomcat\apache-tomcat-8.5.58\webapps\componentes-1.0.0-BUILD-SNAPSHOT.war] has finished in [12,033] ms
24-Oct-2020 16:01:38.089 INFO [localhost-startStop-1] org.apache.catalina.startup.HostConfig.deployWAR Deploying web application archive [C:\Program Files\Tomcat\apache-tomcat-8.5.58\webapps\generatedProject.war]
24-Oct-2020 16:01:38.200 INFO [localhost-startStop-1] org.apache.catalina.startup.HostConfig.deployWAR Deployment of web application archive [C:\Program Files\Tomcat\apache-tomcat-8.5.58\webapps\generatedProject.war] has finished in [111] ms
24-Oct-2020 16:01:38.203 INFO [localhost-startStop-1] org.apache.catalina.startup.HostConfig.deployDirectory Deploying web application directory [C:\Program Files\Tomcat\apache-tomcat-8.5.58\webapps\docs]
24-Oct-2020 16:01:38.299 INFO [localhost-startStop-1] org.apache.catalina.startup.HostConfig.deployDirectory Deployment of web application directory [C:\Program Files\Tomcat\apache-tomcat-8.5.58\webapps\docs] has finished in [96] ms
24-Oct-2020 16:01:38.299 INFO [localhost-startStop-1] org.apache.catalina.startup.HostConfig.deployDirectory Deploying web application directory [C:\Program Files\Tomcat\apache-tomcat-8.5.58\webapps\examples]
24-Oct-2020 16:01:39.313 INFO [localhost-startStop-1] org.apache.catalina.startup.HostConfig.deployDirectory Deployment of web application directory [C:\Program Files\Tomcat\apache-tomcat-8.5.58\webapps\examples] has finished in [1,013] ms
24-Oct-2020 16:01:39.314 INFO [localhost-startStop-1] org.apache.catalina.startup.HostConfig.deployDirectory Deploying web application directory [C:\Program Files\Tomcat\apache-tomcat-8.5.58\webapps\host-manager]
24-Oct-2020 16:01:39.461 INFO [localhost-startStop-1] org.apache.catalina.startup.HostConfig.deployDirectory Deployment of web application directory [C:\Program Files\Tomcat\apache-tomcat-8.5.58\webapps\host-manager] has finished in [148] ms
24-Oct-2020 16:01:39.462 INFO [localhost-startStop-1] org.apache.catalina.startup.HostConfig.deployDirectory Deploying web application directory [C:\Program Files\Tomcat\apache-tomcat-8.5.58\webapps\manager]
24-Oct-2020 16:01:39.565 INFO [localhost-startStop-1] org.apache.catalina.startup.HostConfig.deployDirectory Deployment of web application directory [C:\Program Files\Tomcat\apache-tomcat-8.5.58\webapps\manager] has finished in [103] ms
24-Oct-2020 16:01:39.566 INFO [localhost-startStop-1] org.apache.catalina.startup.HostConfig.deployDirectory Deploying web application directory [C:\Program Files\Tomcat\apache-tomcat-8.5.58\webapps\ROOT]
24-Oct-2020 16:01:39.638 INFO [localhost-startStop-1] org.apache.catalina.startup.HostConfig.deployDirectory Deployment of web application directory [C:\Program Files\Tomcat\apache-tomcat-8.5.58\webapps\ROOT] has finished in [72] ms
24-Oct-2020 16:01:39.650 INFO [main] org.apache.catalina.startup.Catalina.start Server startup in 13767 ms
24-Oct-2020 16:01:39.652 SEVERE [main] org.apache.catalina.core.StandardServer.await StandardServer.await: create[localhost:8005]: 
	java.net.BindException: Address already in use: NET_Bind
		at java.base/java.net.PlainSocketImpl.bind0(Native Method)
		at java.base/java.net.PlainSocketImpl.socketBind(PlainSocketImpl.java:132)
		at java.base/java.net.AbstractPlainSocketImpl.bind(AbstractPlainSocketImpl.java:436)
		at java.base/java.net.ServerSocket.bind(ServerSocket.java:381)
		at java.base/java.net.ServerSocket.<init>(ServerSocket.java:243)
		at org.apache.catalina.core.StandardServer.await(StandardServer.java:421)
		at org.apache.catalina.startup.Catalina.await(Catalina.java:776)
		at org.apache.catalina.startup.Catalina.start(Catalina.java:722)
		at java.base/jdk.internal.reflect.NativeMethodAccessorImpl.invoke0(Native Method)
		at java.base/jdk.internal.reflect.NativeMethodAccessorImpl.invoke(NativeMethodAccessorImpl.java:62)
		at java.base/jdk.internal.reflect.DelegatingMethodAccessorImpl.invoke(DelegatingMethodAccessorImpl.java:43)
		at java.base/java.lang.reflect.Method.invoke(Method.java:566)
		at org.apache.catalina.startup.Bootstrap.start(Bootstrap.java:342)
		at org.apache.catalina.startup.Bootstrap.main(Bootstrap.java:473)
24-Oct-2020 16:01:39.653 INFO [main] org.apache.coyote.AbstractProtocol.pause Pausing ProtocolHandler ["http-nio-8080"]
24-Oct-2020 16:01:39.654 INFO [main] org.apache.catalina.core.StandardService.stopInternal Stopping service [Catalina]
24-Oct-2020 16:01:39.753 INFO [main] org.apache.coyote.AbstractProtocol.stop Stopping ProtocolHandler ["http-nio-8080"]
24-Oct-2020 16:01:39.754 INFO [main] org.apache.coyote.AbstractProtocol.destroy Destroying ProtocolHandler ["http-nio-8080"]
24-Oct-2020 22:08:33.382 INFO [main] org.apache.catalina.core.StandardServer.await A valid shutdown command was received via the shutdown port. Stopping the Server instance.
24-Oct-2020 22:08:33.398 INFO [main] org.apache.coyote.AbstractProtocol.pause Pausing ProtocolHandler ["http-nio-8080"]
24-Oct-2020 22:08:33.940 INFO [main] org.apache.catalina.core.StandardService.stopInternal Stopping service [Catalina]
24-Oct-2020 22:08:34.254 INFO [main] org.apache.coyote.AbstractProtocol.stop Stopping ProtocolHandler ["http-nio-8080"]
24-Oct-2020 22:08:34.265 INFO [main] org.apache.coyote.AbstractProtocol.destroy Destroying ProtocolHandler ["http-nio-8080"]
